# JRE version: Java(TM) SE Runtime Environment (8.0_101-b13) (build 1.8.0_101-b13)
# Java VM: Java HotSpot(TM) 64-Bit Server VM (25.101-b13 mixed mode linux-amd64 compressed oops)
Heap:
 PSYoungGen      total 116736K, used 64908K [0x00000000f5580000, 0x0000000100000000, 0x0000000100000000)
  eden space 58880K, 90% used [0x00000000f5580000,0x00000000f89b6340,0x00000000f8f00000)
  from space 57856K, 19% used [0x00000000f8f00000,0x00000000f9a2cce0,0x00000000fc780000)
  to   space 57856K, 0% used [0x00000000fc780000,0x00000000fc780000,0x0000000100000000)
 ParOldGen       total 111104K, used 91207K [0x00000000e0000000, 0x00000000e6c80000, 0x00000000f5580000)
  object space 111104K, 82% used [0x00000000e0000000,0x00000000e5911d50,0x00000000e6c80000)
 Metaspace       used 112342K, capacity 121679K, committed 122072K, reserved 1155072K
  class space    used 13958K, capacity 16783K, committed 16896K, reserved 1048576K
GC Heap History (10 events):
Event: 82.127 GC heap before
{Heap before GC invocations=25 (full 4):
 PSYoungGen      total 116736K, used 109255K [0x00000000f5580000, 0x0000000100000000, 0x0000000100000000)
  eden space 58880K, 100% used [0x00000000f5580000,0x00000000f8f00000,0x00000000f8f00000)
  from space 57856K, 87% used [0x00000000fc780000,0x00000000ff8b1dd0,0x0000000100000000)
  to   space 57856K, 0% used [0x00000000f8f00000,0x00000000f8f00000,0x00000000fc780000)
 ParOldGen       total 111104K, used 51141K [0x00000000e0000000, 0x00000000e6c80000, 0x00000000f5580000)
  object space 111104K, 46% used [0x00000000e0000000,0x00000000e31f1608,0x00000000e6c80000)
 Metaspace       used 109148K, capacity 118177K, committed 118360K, reserved 1150976K
  class space    used 13451K, capacity 16245K, committed 16256K, reserved 1048576K
Event: 82.160 GC heap after
Heap after GC invocations=25 (full 4):
 PSYoungGen      total 116736K, used 47307K [0x00000000f5580000, 0x0000000100000000, 0x0000000100000000)
  eden space 58880K, 0% used [0x00000000f5580000,0x00000000f5580000,0x00000000f8f00000)
  from space 57856K, 81% used [0x00000000f8f00000,0x00000000fbd32f38,0x00000000fc780000)
  to   space 57856K, 0% used [0x00000000fc780000,0x00000000fc780000,0x0000000100000000)
 ParOldGen       total 111104K, used 51141K [0x00000000e0000000, 0x00000000e6c80000, 0x00000000f5580000)
  object space 111104K, 46% used [0x00000000e0000000,0x00000000e31f1608,0x00000000e6c80000)
 Metaspace       used 109148K, capacity 118177K, committed 118360K, reserved 1150976K
  class space    used 13451K, capacity 16245K, committed 16256K, reserved 1048576K
}
Event: 82.225 GC heap before
{Heap before GC invocations=26 (full 4):
 PSYoungGen      total 116736K, used 106187K [0x00000000f5580000, 0x0000000100000000, 0x0000000100000000)
  eden space 58880K, 100% used [0x00000000f5580000,0x00000000f8f00000,0x00000000f8f00000)
  from space 57856K, 81% used [0x00000000f8f00000,0x00000000fbd32f38,0x00000000fc780000)
  to   space 57856K, 0% used [0x00000000fc780000,0x00000000fc780000,0x0000000100000000)
 ParOldGen       total 111104K, used 51141K [0x00000000e0000000, 0x00000000e6c80000, 0x00000000f5580000)
  object space 111104K, 46% used [0x00000000e0000000,0x00000000e31f1608,0x00000000e6c80000)
 Metaspace       used 109151K, capacity 118177K, committed 118360K, reserved 1150976K
  class space    used 13451K, capacity 16245K, committed 16256K, reserved 1048576K
Event: 82.269 GC heap after
Heap after GC invocations=26 (full 4):
 PSYoungGen      total 116736K, used 30480K [0x00000000f5580000, 0x0000000100000000, 0x0000000100000000)
  eden space 58880K, 0% used [0x00000000f5580000,0x00000000f5580000,0x00000000f8f00000)
  from space 57856K, 52% used [0x00000000fc780000,0x00000000fe544230,0x0000000100000000)
  to   space 57856K, 0% used [0x00000000f8f00000,0x00000000f8f00000,0x00000000fc780000)
 ParOldGen       total 111104K, used 70762K [0x00000000e0000000, 0x00000000e6c80000, 0x00000000f5580000)
  object space 111104K, 63% used [0x00000000e0000000,0x00000000e451ab78,0x00000000e6c80000)
 Metaspace       used 109151K, capacity 118177K, committed 118360K, reserved 1150976K
  class space    used 13451K, capacity 16245K, committed 16256K, reserved 1048576K
}
Event: 82.338 GC heap before
{Heap before GC invocations=27 (full 4):
 PSYoungGen      total 116736K, used 89360K [0x00000000f5580000, 0x0000000100000000, 0x0000000100000000)
  eden space 58880K, 100% used [0x00000000f5580000,0x00000000f8f00000,0x00000000f8f00000)
  from space 57856K, 52% used [0x00000000fc780000,0x00000000fe544230,0x0000000100000000)
  to   space 57856K, 0% used [0x00000000f8f00000,0x00000000f8f00000,0x00000000fc780000)
 ParOldGen       total 111104K, used 70762K [0x00000000e0000000, 0x00000000e6c80000, 0x00000000f5580000)
  object space 111104K, 63% used [0x00000000e0000000,0x00000000e451ab78,0x00000000e6c80000)
 Metaspace       used 109152K, capacity 118177K, committed 118360K, reserved 1150976K
  class space    used 13451K, capacity 16245K, committed 16256K, reserved 1048576K
Event: 82.368 GC heap after
Heap after GC invocations=27 (full 4):
 PSYoungGen      total 116736K, used 16925K [0x00000000f5580000, 0x0000000100000000, 0x0000000100000000)
  eden space 58880K, 0% used [0x00000000f5580000,0x00000000f5580000,0x00000000f8f00000)
  from space 57856K, 29% used [0x00000000f8f00000,0x00000000f9f87720,0x00000000fc780000)
  to   space 57856K, 0% used [0x00000000fc780000,0x00000000fc780000,0x0000000100000000)
 ParOldGen       total 111104K, used 82786K [0x00000000e0000000, 0x00000000e6c80000, 0x00000000f5580000)
  object space 111104K, 74% used [0x00000000e0000000,0x00000000e50d8af0,0x00000000e6c80000)
 Metaspace       used 109152K, capacity 118177K, committed 118360K, reserved 1150976K
  class space    used 13451K, capacity 16245K, committed 16256K, reserved 1048576K
}
Event: 82.419 GC heap before
{Heap before GC invocations=28 (full 4):
 PSYoungGen      total 116736K, used 75805K [0x00000000f5580000, 0x0000000100000000, 0x0000000100000000)
  eden space 58880K, 100% used [0x00000000f5580000,0x00000000f8f00000,0x00000000f8f00000)
  from space 57856K, 29% used [0x00000000f8f00000,0x00000000f9f87720,0x00000000fc780000)
  to   space 57856K, 0% used [0x00000000fc780000,0x00000000fc780000,0x0000000100000000)
 ParOldGen       total 111104K, used 82786K [0x00000000e0000000, 0x00000000e6c80000, 0x00000000f5580000)
  object space 111104K, 74% used [0x00000000e0000000,0x00000000e50d8af0,0x00000000e6c80000)
 Metaspace       used 109152K, capacity 118177K, committed 118360K, reserved 1150976K
  class space    used 13451K, capacity 16245K, committed 16256K, reserved 1048576K
Event: 82.437 GC heap after
Heap after GC invocations=28 (full 4):
 PSYoungGen      total 116736K, used 12808K [0x00000000f5580000, 0x0000000100000000, 0x0000000100000000)
  eden space 58880K, 0% used [0x00000000f5580000,0x00000000f5580000,0x00000000f8f00000)
  from space 57856K, 22% used [0x00000000fc780000,0x00000000fd402090,0x0000000100000000)
  to   space 57856K, 0% used [0x00000000f8f00000,0x00000000f8f00000,0x00000000fc780000)
 ParOldGen       total 111104K, used 89119K [0x00000000e0000000, 0x00000000e6c80000, 0x00000000f5580000)
  object space 111104K, 80% used [0x00000000e0000000,0x00000000e5707d30,0x00000000e6c80000)
 Metaspace       used 109152K, capacity 118177K, committed 118360K, reserved 1150976K
  class space    used 13451K, capacity 16245K, committed 16256K, reserved 1048576K
}
Event: 83.115 GC heap before
{Heap before GC invocations=29 (full 4):
 PSYoungGen      total 116736K, used 71688K [0x00000000f5580000, 0x0000000100000000, 0x0000000100000000)
  eden space 58880K, 100% used [0x00000000f5580000,0x00000000f8f00000,0x00000000f8f00000)
  from space 57856K, 22% used [0x00000000fc780000,0x00000000fd402090,0x0000000100000000)
  to   space 57856K, 0% used [0x00000000f8f00000,0x00000000f8f00000,0x00000000fc780000)
 ParOldGen       total 111104K, used 89119K [0x00000000e0000000, 0x00000000e6c80000, 0x00000000f5580000)
  object space 111104K, 80% used [0x00000000e0000000,0x00000000e5707d30,0x00000000e6c80000)
 Metaspace       used 109471K, capacity 118559K, committed 118744K, reserved 1150976K
  class space    used 13494K, capacity 16282K, committed 16384K, reserved 1048576K
Event: 83.127 GC heap after
Heap after GC invocations=29 (full 4):
 PSYoungGen      total 116736K, used 11443K [0x00000000f5580000, 0x0000000100000000, 0x0000000100000000)
  eden space 58880K, 0% used [0x00000000f5580000,0x00000000f5580000,0x00000000f8f00000)
  from space 57856K, 19% used [0x00000000f8f00000,0x00000000f9a2cce0,0x00000000fc780000)
  to   space 57856K, 0% used [0x00000000fc780000,0x00000000fc780000,0x0000000100000000)
 ParOldGen       total 111104K, used 91207K [0x00000000e0000000, 0x00000000e6c80000, 0x00000000f5580000)
  object space 111104K, 82% used [0x00000000e0000000,0x00000000e5911d50,0x00000000e6c80000)
 Metaspace       used 109471K, capacity 118559K, committed 118744K, reserved 1150976K
  class space    used 13494K, capacity 16282K, committed 16384K, reserved 1048576K
}

